Performing C SOURCE FILE Test CMAKE_HAVE_LIBC_PTHREAD failed with the following output:
Change Dir: /home/smallville7123/AndroidCompositor/app/src/main/jni/GLIS/dependancies/AnyOpt/debug_BUILD/CMakeFiles/CMakeTmp

Run Build Command(s):/usr/bin/make cmTC_4ed3d/fast && make[2]: Entering directory '/home/smallville7123/AndroidCompositor/app/src/main/jni/GLIS/dependancies/AnyOpt/debug_BUILD/CMakeFiles/CMakeTmp'
/usr/bin/make -f CMakeFiles/cmTC_4ed3d.dir/build.make CMakeFiles/cmTC_4ed3d.dir/build
make[3]: Entering directory '/home/smallville7123/AndroidCompositor/app/src/main/jni/GLIS/dependancies/AnyOpt/debug_BUILD/CMakeFiles/CMakeTmp'
Building C object CMakeFiles/cmTC_4ed3d.dir/src.c.o
/usr/bin/cc   -DCMAKE_HAVE_LIBC_PTHREAD   -o CMakeFiles/cmTC_4ed3d.dir/src.c.o   -c /home/smallville7123/AndroidCompositor/app/src/main/jni/GLIS/dependancies/AnyOpt/debug_BUILD/CMakeFiles/CMakeTmp/src.c
Linking C executable cmTC_4ed3d
/usr/bin/cmake -E cmake_link_script CMakeFiles/cmTC_4ed3d.dir/link.txt --verbose=1
/usr/bin/cc  -DCMAKE_HAVE_LIBC_PTHREAD    -rdynamic CMakeFiles/cmTC_4ed3d.dir/src.c.o  -o cmTC_4ed3d 
/usr/bin/ld: CMakeFiles/cmTC_4ed3d.dir/src.c.o: in function `main':
src.c:(.text+0x46): undefined reference to `pthread_create'
/usr/bin/ld: src.c:(.text+0x52): undefined reference to `pthread_detach'
/usr/bin/ld: src.c:(.text+0x63): undefined reference to `pthread_join'
collect2: error: ld returned 1 exit status
make[3]: *** [CMakeFiles/cmTC_4ed3d.dir/build.make:87: cmTC_4ed3d] Error 1
make[3]: Leaving directory '/home/smallville7123/AndroidCompositor/app/src/main/jni/GLIS/dependancies/AnyOpt/debug_BUILD/CMakeFiles/CMakeTmp'
make[2]: *** [Makefile:121: cmTC_4ed3d/fast] Error 2
make[2]: Leaving directory '/home/smallville7123/AndroidCompositor/app/src/main/jni/GLIS/dependancies/AnyOpt/debug_BUILD/CMakeFiles/CMakeTmp'


Source file was:
#include <pthread.h>

void* test_func(void* data)
{
  return data;
}

int main(void)
{
  pthread_t thread;
  pthread_create(&thread, NULL, test_func, NULL);
  pthread_detach(thread);
  pthread_join(thread, NULL);
  pthread_atfork(NULL, NULL, NULL);
  pthread_exit(NULL);

  return 0;
}

Determining if the function pthread_create exists in the pthreads failed with the following output:
Change Dir: /home/smallville7123/AndroidCompositor/app/src/main/jni/GLIS/dependancies/AnyOpt/debug_BUILD/CMakeFiles/CMakeTmp

Run Build Command(s):/usr/bin/make cmTC_6a748/fast && make[2]: Entering directory '/home/smallville7123/AndroidCompositor/app/src/main/jni/GLIS/dependancies/AnyOpt/debug_BUILD/CMakeFiles/CMakeTmp'
/usr/bin/make -f CMakeFiles/cmTC_6a748.dir/build.make CMakeFiles/cmTC_6a748.dir/build
make[3]: Entering directory '/home/smallville7123/AndroidCompositor/app/src/main/jni/GLIS/dependancies/AnyOpt/debug_BUILD/CMakeFiles/CMakeTmp'
Building C object CMakeFiles/cmTC_6a748.dir/CheckFunctionExists.c.o
/usr/bin/cc   -DCHECK_FUNCTION_EXISTS=pthread_create   -o CMakeFiles/cmTC_6a748.dir/CheckFunctionExists.c.o   -c /usr/share/cmake-3.16/Modules/CheckFunctionExists.c
Linking C executable cmTC_6a748
/usr/bin/cmake -E cmake_link_script CMakeFiles/cmTC_6a748.dir/link.txt --verbose=1
/usr/bin/cc  -DCHECK_FUNCTION_EXISTS=pthread_create    -rdynamic CMakeFiles/cmTC_6a748.dir/CheckFunctionExists.c.o  -o cmTC_6a748  -lpthreads 
/usr/bin/ld: cannot find -lpthreads
collect2: error: ld returned 1 exit status
make[3]: *** [CMakeFiles/cmTC_6a748.dir/build.make:87: cmTC_6a748] Error 1
make[3]: Leaving directory '/home/smallville7123/AndroidCompositor/app/src/main/jni/GLIS/dependancies/AnyOpt/debug_BUILD/CMakeFiles/CMakeTmp'
make[2]: *** [Makefile:121: cmTC_6a748/fast] Error 2
make[2]: Leaving directory '/home/smallville7123/AndroidCompositor/app/src/main/jni/GLIS/dependancies/AnyOpt/debug_BUILD/CMakeFiles/CMakeTmp'



